TN:
SF:E:\FullStackEngineer\Project\prjClient\src\polyfills.ts
FNF:0
FNH:0
LF:0
LH:0
BRF:0
BRH:0
end_of_record
TN:
SF:E:\FullStackEngineer\Project\prjClient\src\test.ts
FNF:0
FNH:0
DA:13,1
DA:18,1
DA:20,1
LF:3
LH:3
BRF:0
BRH:0
end_of_record
TN:
SF:E:\FullStackEngineer\Project\prjClient\src\app\app.component.ts
FN:9,(anonymous_2)
FN:4,AppComponent
FNF:2
FNH:2
FNDA:1,(anonymous_2)
FNDA:2,AppComponent
DA:9,1
DA:10,2
DA:11,1
LF:3
LH:3
BRF:0
BRH:0
end_of_record
TN:
SF:E:\FullStackEngineer\Project\prjClient\src\app\components\addproject\addproject.component.ts
FN:23,(anonymous_3)
FN:37,AddprojectComponent
FN:49,(anonymous_5)
FN:52,(anonymous_6)
FN:69,(anonymous_7)
FN:76,(anonymous_8)
FN:84,(anonymous_9)
FN:89,(anonymous_10)
FN:98,(anonymous_11)
FN:113,(anonymous_12)
FN:129,(anonymous_13)
FN:144,(anonymous_14)
FN:159,(anonymous_15)
FN:175,(anonymous_16)
FN:176,(anonymous_17)
FN:191,(anonymous_18)
FN:199,(anonymous_19)
FN:204,(anonymous_20)
FN:228,(anonymous_21)
FN:266,(anonymous_22)
FN:287,(anonymous_23)
FN:288,(anonymous_24)
FN:317,(anonymous_25)
FN:334,(anonymous_26)
FNF:24
FNH:13
FNDA:1,(anonymous_3)
FNDA:7,AddprojectComponent
FNDA:9,(anonymous_5)
FNDA:0,(anonymous_6)
FNDA:7,(anonymous_7)
FNDA:1,(anonymous_8)
FNDA:0,(anonymous_9)
FNDA:0,(anonymous_10)
FNDA:7,(anonymous_11)
FNDA:1,(anonymous_12)
FNDA:0,(anonymous_13)
FNDA:1,(anonymous_14)
FNDA:0,(anonymous_15)
FNDA:0,(anonymous_16)
FNDA:0,(anonymous_17)
FNDA:0,(anonymous_18)
FNDA:7,(anonymous_19)
FNDA:10,(anonymous_20)
FNDA:1,(anonymous_21)
FNDA:10,(anonymous_22)
FNDA:0,(anonymous_23)
FNDA:0,(anonymous_24)
FNDA:0,(anonymous_25)
FNDA:1,(anonymous_26)
DA:23,1
DA:31,7
DA:34,7
DA:39,7
DA:40,7
DA:42,7
DA:44,7
DA:47,7
DA:49,9
DA:50,9
DA:53,0
DA:54,0
DA:55,0
DA:57,0
DA:58,0
DA:69,1
DA:70,7
DA:71,7
DA:76,1
DA:77,1
DA:78,1
DA:80,1
DA:81,1
DA:82,1
DA:84,1
DA:85,0
DA:86,0
DA:89,1
DA:90,0
DA:91,0
DA:92,0
DA:94,0
DA:98,1
DA:99,7
DA:111,7
DA:113,1
DA:114,1
DA:120,1
DA:121,0
DA:124,1
DA:125,0
DA:126,0
DA:129,1
DA:130,0
DA:131,0
DA:132,0
DA:137,0
DA:138,0
DA:140,0
DA:144,1
DA:145,1
DA:150,1
DA:151,0
DA:154,1
DA:155,0
DA:156,0
DA:159,1
DA:160,0
DA:161,0
DA:166,0
DA:167,0
DA:169,0
DA:175,1
DA:176,0
DA:177,0
DA:178,0
DA:183,0
DA:185,0
DA:191,1
DA:192,0
DA:193,0
DA:199,7
DA:202,7
DA:205,10
DA:207,10
DA:210,10
DA:214,10
DA:215,10
DA:217,10
DA:218,10
DA:219,0
DA:226,7
DA:229,1
DA:231,1
DA:232,0
DA:233,0
DA:239,0
DA:242,0
DA:243,0
DA:245,0
DA:250,0
DA:251,0
DA:252,0
DA:254,1
DA:255,1
DA:256,1
DA:258,1
DA:259,1
DA:260,1
DA:264,7
DA:267,10
DA:269,10
DA:272,10
DA:276,10
DA:277,10
DA:279,10
DA:280,10
DA:281,0
DA:287,1
DA:288,0
DA:289,0
DA:290,0
DA:293,0
DA:296,0
DA:297,0
DA:301,0
DA:302,0
DA:304,0
DA:305,0
DA:307,0
DA:308,0
DA:310,0
DA:311,0
DA:313,0
DA:316,0
DA:317,0
DA:318,0
DA:319,0
DA:320,0
DA:326,0
DA:328,0
DA:334,1
DA:335,1
DA:336,1
DA:340,1
LF:135
LH:67
BRDA:53,0,0,0
BRDA:53,0,1,0
BRDA:90,1,0,0
BRDA:90,1,1,0
BRDA:91,2,0,0
BRDA:91,2,1,0
BRDA:120,3,0,0
BRDA:120,3,1,1
BRDA:124,4,0,0
BRDA:124,4,1,1
BRDA:131,5,0,0
BRDA:131,5,1,0
BRDA:150,6,0,0
BRDA:150,6,1,1
BRDA:154,7,0,0
BRDA:154,7,1,1
BRDA:160,8,0,0
BRDA:160,8,1,0
BRDA:177,9,0,0
BRDA:177,9,1,0
BRDA:217,10,0,10
BRDA:217,10,1,0
BRDA:217,11,0,10
BRDA:217,11,1,10
BRDA:218,12,0,0
BRDA:218,12,1,10
BRDA:231,13,0,0
BRDA:231,13,1,1
BRDA:279,14,0,10
BRDA:279,14,1,0
BRDA:279,15,0,10
BRDA:279,15,1,10
BRDA:280,16,0,0
BRDA:280,16,1,10
BRDA:289,17,0,0
BRDA:289,17,1,0
BRDA:304,18,0,0
BRDA:304,18,1,0
BRDA:304,19,0,0
BRDA:304,19,1,0
BRDA:316,20,0,0
BRDA:316,20,1,0
BRDA:319,21,0,0
BRDA:319,21,1,0
BRF:44
BRH:13
end_of_record
TN:
SF:E:\FullStackEngineer\Project\prjClient\src\app\components\addproject\project.service.ts
FN:15,(anonymous_3)
FN:19,ProjectService
FN:22,(anonymous_5)
FN:33,(anonymous_6)
FN:54,(anonymous_7)
FN:62,(anonymous_8)
FN:70,(anonymous_9)
FNF:7
FNH:5
FNDA:1,(anonymous_3)
FNDA:17,ProjectService
FNDA:1,(anonymous_5)
FNDA:19,(anonymous_6)
FNDA:0,(anonymous_7)
FNDA:1,(anonymous_8)
FNDA:0,(anonymous_9)
DA:15,1
DA:17,17
DA:19,17
DA:22,1
DA:24,1
DA:26,1
DA:33,1
DA:36,19
DA:38,19
DA:39,0
DA:42,19
DA:43,1
DA:46,19
DA:48,19
DA:54,1
DA:56,0
DA:58,0
DA:62,1
DA:64,1
DA:66,1
DA:70,1
DA:72,0
DA:74,0
DA:80,1
LF:24
LH:19
BRDA:38,0,0,0
BRDA:38,0,1,19
BRDA:42,1,0,1
BRDA:42,1,1,18
BRF:4
BRH:3
end_of_record
TN:
SF:E:\FullStackEngineer\Project\prjClient\src\app\components\addtask\addtask.component.ts
FN:24,(anonymous_3)
FN:41,AddtaskComponent
FN:50,(anonymous_5)
FN:54,(anonymous_6)
FN:70,(anonymous_7)
FN:74,(anonymous_8)
FN:83,(anonymous_9)
FN:85,(anonymous_10)
FN:91,(anonymous_11)
FN:107,(anonymous_12)
FN:112,(anonymous_13)
FN:117,(anonymous_14)
FN:125,(anonymous_15)
FN:142,(anonymous_16)
FNF:14
FNH:6
FNDA:1,(anonymous_3)
FNDA:5,AddtaskComponent
FNDA:0,(anonymous_5)
FNDA:0,(anonymous_6)
FNDA:1,(anonymous_7)
FNDA:0,(anonymous_8)
FNDA:5,(anonymous_9)
FNDA:5,(anonymous_10)
FNDA:0,(anonymous_11)
FNDA:0,(anonymous_12)
FNDA:0,(anonymous_13)
FNDA:2,(anonymous_14)
FNDA:0,(anonymous_15)
FNDA:0,(anonymous_16)
DA:24,1
DA:25,5
DA:26,5
DA:32,5
DA:34,5
DA:35,5
DA:42,5
DA:43,5
DA:44,5
DA:45,5
DA:46,5
DA:50,1
DA:51,0
DA:54,1
DA:55,0
DA:56,0
DA:58,0
DA:65,0
DA:66,0
DA:70,1
DA:71,1
DA:72,1
DA:74,1
DA:75,0
DA:76,0
DA:77,0
DA:79,0
DA:83,5
DA:85,5
DA:86,5
DA:89,5
DA:91,0
DA:92,0
DA:94,0
DA:97,0
DA:100,0
DA:101,0
DA:107,1
DA:108,0
DA:112,1
DA:113,0
DA:117,2
DA:118,2
DA:120,0
DA:125,0
DA:126,0
DA:127,0
DA:132,0
DA:134,0
DA:138,2
DA:139,2
DA:142,2
DA:143,0
DA:144,0
DA:149,0
DA:151,0
DA:157,1
LF:57
LH:29
BRDA:75,0,0,0
BRDA:75,0,1,0
BRDA:89,1,0,0
BRDA:89,1,1,5
BRDA:118,2,0,0
BRDA:118,2,1,2
BRDA:126,3,0,0
BRDA:126,3,1,0
BRDA:143,4,0,0
BRDA:143,4,1,0
BRF:10
BRH:2
end_of_record
TN:
SF:E:\FullStackEngineer\Project\prjClient\src\app\components\addtask\services\parent-task.service.ts
FN:20,(anonymous_3)
FN:24,ParentTaskService
FN:27,(anonymous_5)
FN:35,(anonymous_6)
FN:50,(anonymous_7)
FNF:5
FNH:3
FNDA:1,(anonymous_3)
FNDA:6,ParentTaskService
FNDA:0,(anonymous_5)
FNDA:6,(anonymous_6)
FNDA:0,(anonymous_7)
DA:20,1
DA:22,6
DA:24,6
DA:27,1
DA:29,0
DA:31,0
DA:35,1
DA:38,6
DA:40,6
DA:41,0
DA:44,6
DA:46,6
DA:50,1
DA:52,0
DA:54,0
DA:57,1
LF:16
LH:11
BRDA:40,0,0,0
BRDA:40,0,1,6
BRF:2
BRH:1
end_of_record
TN:
SF:E:\FullStackEngineer\Project\prjClient\src\app\components\addtask\services\task.service.ts
FN:20,(anonymous_3)
FN:24,TaskService
FN:27,(anonymous_5)
FN:35,(anonymous_6)
FN:54,(anonymous_7)
FN:62,(anonymous_8)
FN:69,(anonymous_9)
FNF:7
FNH:2
FNDA:1,(anonymous_3)
FNDA:9,TaskService
FNDA:0,(anonymous_5)
FNDA:0,(anonymous_6)
FNDA:0,(anonymous_7)
FNDA:0,(anonymous_8)
FNDA:0,(anonymous_9)
DA:20,1
DA:22,9
DA:24,9
DA:27,1
DA:29,0
DA:31,0
DA:35,1
DA:38,0
DA:40,0
DA:41,0
DA:44,0
DA:45,0
DA:48,0
DA:50,0
DA:54,1
DA:56,0
DA:58,0
DA:62,1
DA:63,0
DA:65,0
DA:69,1
DA:70,0
DA:72,0
DA:75,1
LF:24
LH:9
BRDA:40,0,0,0
BRDA:40,0,1,0
BRDA:44,1,0,0
BRDA:44,1,1,0
BRF:4
BRH:0
end_of_record
TN:
SF:E:\FullStackEngineer\Project\prjClient\src\app\components\adduser\adduser.component.ts
FN:14,(anonymous_3)
FN:24,AdduserComponent
FN:38,(anonymous_5)
FN:39,(anonymous_6)
FN:61,(anonymous_7)
FN:65,(anonymous_8)
FN:69,(anonymous_9)
FN:75,(anonymous_10)
FN:83,(anonymous_11)
FN:102,(anonymous_12)
FN:109,(anonymous_13)
FN:125,(anonymous_14)
FN:132,(anonymous_15)
FN:147,(anonymous_16)
FN:148,(anonymous_17)
FN:162,(anonymous_18)
FN:169,(anonymous_19)
FN:174,(anonymous_20)
FNF:18
FNH:8
FNDA:1,(anonymous_3)
FNDA:5,AdduserComponent
FNDA:1,(anonymous_5)
FNDA:0,(anonymous_6)
FNDA:5,(anonymous_7)
FNDA:6,(anonymous_8)
FNDA:0,(anonymous_9)
FNDA:0,(anonymous_10)
FNDA:0,(anonymous_11)
FNDA:0,(anonymous_12)
FNDA:5,(anonymous_13)
FNDA:1,(anonymous_14)
FNDA:0,(anonymous_15)
FNDA:0,(anonymous_16)
FNDA:0,(anonymous_17)
FNDA:1,(anonymous_18)
FNDA:0,(anonymous_19)
FNDA:0,(anonymous_20)
DA:14,1
DA:20,5
DA:21,5
DA:22,5
DA:25,5
DA:26,5
DA:27,5
DA:28,5
DA:30,5
DA:38,1
DA:39,1
DA:40,0
DA:41,0
DA:54,0
DA:56,0
DA:61,1
DA:62,5
DA:65,6
DA:66,6
DA:67,6
DA:70,0
DA:71,0
DA:75,1
DA:76,0
DA:83,0
DA:84,0
DA:85,0
DA:86,0
DA:92,0
DA:94,0
DA:96,0
DA:102,1
DA:103,0
DA:104,0
DA:105,0
DA:106,0
DA:109,1
DA:110,5
DA:122,5
DA:125,1
DA:126,1
DA:132,1
DA:133,0
DA:134,0
DA:135,0
DA:136,0
DA:138,0
DA:139,0
DA:141,0
DA:147,1
DA:148,0
DA:149,0
DA:150,0
DA:155,0
DA:157,0
DA:162,1
DA:163,1
DA:164,1
DA:165,1
DA:166,1
DA:169,1
DA:170,0
DA:171,0
DA:174,1
DA:175,0
DA:176,0
DA:177,0
DA:178,0
DA:179,0
DA:180,0
DA:182,0
DA:183,0
DA:185,1
LF:73
LH:33
BRDA:40,0,0,0
BRDA:40,0,1,0
BRDA:70,1,0,0
BRDA:70,1,1,0
BRDA:85,2,0,0
BRDA:85,2,1,0
BRDA:103,3,0,0
BRDA:103,3,1,0
BRDA:105,4,0,0
BRDA:105,4,1,0
BRDA:134,5,0,0
BRDA:134,5,1,0
BRDA:149,6,0,0
BRDA:149,6,1,0
BRDA:175,7,0,0
BRDA:175,7,1,0
BRDA:177,8,0,0
BRDA:177,8,1,0
BRDA:179,9,0,0
BRDA:179,9,1,0
BRF:20
BRH:0
end_of_record
TN:
SF:E:\FullStackEngineer\Project\prjClient\src\app\components\adduser\users.service.ts
FN:25,(anonymous_3)
FN:28,UserService
FN:30,(anonymous_5)
FN:36,(anonymous_6)
FN:56,(anonymous_7)
FN:62,(anonymous_8)
FN:70,(anonymous_9)
FNF:7
FNH:5
FNDA:1,(anonymous_3)
FNDA:21,UserService
FNDA:2,(anonymous_5)
FNDA:20,(anonymous_6)
FNDA:1,(anonymous_7)
FNDA:0,(anonymous_8)
FNDA:0,(anonymous_9)
DA:25,1
DA:26,21
DA:28,21
DA:30,1
DA:31,2
DA:33,2
DA:36,1
DA:41,20
DA:43,20
DA:44,0
DA:47,20
DA:48,0
DA:51,20
DA:53,20
DA:56,1
DA:57,1
DA:59,1
DA:62,1
DA:63,0
DA:67,0
DA:70,1
DA:71,0
DA:73,0
DA:75,1
LF:24
LH:18
BRDA:43,0,0,0
BRDA:43,0,1,20
BRDA:47,1,0,0
BRDA:47,1,1,20
BRF:4
BRH:2
end_of_record
TN:
SF:E:\FullStackEngineer\Project\prjClient\src\app\components\search\searchparent\searchparent.component.ts
FN:15,(anonymous_3)
FN:26,SearchparentComponent
FN:28,(anonymous_5)
FN:31,(anonymous_6)
FN:40,(anonymous_7)
FN:44,(anonymous_8)
FN:48,(anonymous_9)
FN:49,(anonymous_10)
FN:57,(anonymous_11)
FNF:9
FNH:4
FNDA:1,(anonymous_3)
FNDA:6,SearchparentComponent
FNDA:0,(anonymous_5)
FNDA:0,(anonymous_6)
FNDA:0,(anonymous_7)
FNDA:0,(anonymous_8)
FNDA:6,(anonymous_9)
FNDA:0,(anonymous_10)
FNDA:6,(anonymous_11)
DA:15,1
DA:16,6
DA:17,1
DA:26,6
DA:28,1
DA:29,0
DA:32,0
DA:33,0
DA:34,0
DA:40,1
DA:41,0
DA:42,0
DA:44,1
DA:45,0
DA:46,0
DA:48,6
DA:49,6
DA:50,0
DA:51,0
DA:55,6
DA:57,1
DA:58,6
DA:63,1
LF:23
LH:13
BRDA:32,0,0,0
BRDA:32,0,1,0
BRDA:50,1,0,0
BRDA:50,1,1,0
BRF:4
BRH:0
end_of_record
TN:
SF:E:\FullStackEngineer\Project\prjClient\src\app\components\search\searchproject\searchproject.component.ts
FN:13,(anonymous_3)
FN:23,SearchprojectComponent
FN:25,(anonymous_5)
FN:29,(anonymous_6)
FN:32,(anonymous_7)
FN:40,(anonymous_8)
FN:45,(anonymous_9)
FN:50,(anonymous_10)
FN:53,(anonymous_11)
FNF:9
FNH:4
FNDA:1,(anonymous_3)
FNDA:10,SearchprojectComponent
FNDA:10,(anonymous_5)
FNDA:10,(anonymous_6)
FNDA:0,(anonymous_7)
FNDA:0,(anonymous_8)
FNDA:0,(anonymous_9)
FNDA:0,(anonymous_10)
FNDA:0,(anonymous_11)
DA:13,1
DA:14,1
DA:15,10
DA:23,10
DA:25,1
DA:26,10
DA:29,10
DA:30,10
DA:33,0
DA:34,0
DA:37,10
DA:40,1
DA:41,0
DA:42,0
DA:45,1
DA:46,0
DA:47,0
DA:50,1
DA:51,0
DA:54,0
DA:55,0
DA:56,0
DA:60,1
LF:23
LH:13
BRDA:33,0,0,0
BRDA:33,0,1,0
BRDA:54,1,0,0
BRDA:54,1,1,0
BRF:4
BRH:0
end_of_record
TN:
SF:E:\FullStackEngineer\Project\prjClient\src\app\components\search\searchuser\searchuser.component.ts
FN:14,(anonymous_3)
FN:27,SearchuserComponent
FN:28,(anonymous_5)
FN:29,(anonymous_6)
FN:36,(anonymous_7)
FN:41,(anonymous_8)
FN:47,(anonymous_9)
FN:52,(anonymous_10)
FN:55,(anonymous_11)
FNF:9
FNH:4
FNDA:1,(anonymous_3)
FNDA:13,SearchuserComponent
FNDA:0,(anonymous_5)
FNDA:0,(anonymous_6)
FNDA:0,(anonymous_7)
FNDA:13,(anonymous_8)
FNDA:0,(anonymous_9)
FNDA:13,(anonymous_10)
FNDA:0,(anonymous_11)
DA:14,1
DA:16,13
DA:17,1
DA:27,13
DA:28,1
DA:29,0
DA:30,0
DA:31,0
DA:32,0
DA:36,1
DA:37,0
DA:38,0
DA:41,1
DA:42,13
DA:47,1
DA:48,0
DA:49,0
DA:52,13
DA:53,13
DA:56,0
DA:57,0
DA:60,13
DA:62,1
LF:23
LH:13
BRDA:30,0,0,0
BRDA:30,0,1,0
BRDA:56,1,0,0
BRDA:56,1,1,0
BRF:4
BRH:0
end_of_record
TN:
SF:E:\FullStackEngineer\Project\prjClient\src\app\components\services\alert.service.ts
FN:7,(anonymous_3)
FN:36,AlertService
FN:38,(anonymous_5)
FN:11,(anonymous_6)
FN:15,(anonymous_7)
FN:20,(anonymous_8)
FN:26,(anonymous_9)
FN:31,(anonymous_10)
FNF:8
FNH:2
FNDA:1,(anonymous_3)
FNDA:21,AlertService
FNDA:0,(anonymous_5)
FNDA:0,(anonymous_6)
FNDA:0,(anonymous_7)
FNDA:0,(anonymous_8)
FNDA:0,(anonymous_9)
FNDA:0,(anonymous_10)
DA:7,1
DA:8,21
DA:11,1
DA:12,0
DA:13,0
DA:15,1
DA:16,0
DA:20,1
DA:21,0
DA:22,0
DA:26,1
DA:27,0
DA:28,0
DA:31,1
DA:32,0
DA:33,0
DA:36,21
DA:38,21
DA:39,0
DA:40,0
DA:41,0
DA:43,0
DA:48,1
LF:23
LH:10
BRDA:39,0,0,0
BRDA:39,0,1,0
BRDA:40,1,0,0
BRDA:40,1,1,0
BRDA:11,2,0,0
BRDA:11,2,1,0
BRDA:20,3,0,0
BRDA:20,3,1,0
BRDA:26,4,0,0
BRDA:26,4,1,0
BRDA:31,5,0,0
BRDA:31,5,1,0
BRF:12
BRH:0
end_of_record
TN:
SF:E:\FullStackEngineer\Project\prjClient\src\app\components\viewtask\viewtask.component.ts
FN:16,(anonymous_3)
FN:22,ViewtaskComponent
FN:37,(anonymous_5)
FN:41,(anonymous_6)
FN:45,(anonymous_7)
FN:68,(anonymous_8)
FN:70,(anonymous_9)
FN:71,(anonymous_10)
FN:80,(anonymous_11)
FN:84,(anonymous_12)
FN:93,(anonymous_13)
FN:94,(anonymous_14)
FNF:12
FNH:5
FNDA:1,(anonymous_3)
FNDA:4,ViewtaskComponent
FNDA:0,(anonymous_5)
FNDA:0,(anonymous_6)
FNDA:0,(anonymous_7)
FNDA:4,(anonymous_8)
FNDA:1,(anonymous_9)
FNDA:0,(anonymous_10)
FNDA:0,(anonymous_11)
FNDA:0,(anonymous_12)
FNDA:1,(anonymous_13)
FNDA:0,(anonymous_14)
DA:16,1
DA:23,4
DA:24,4
DA:25,4
DA:26,4
DA:37,1
DA:38,0
DA:39,0
DA:41,1
DA:43,0
DA:46,0
DA:47,0
DA:48,0
DA:55,0
DA:56,0
DA:58,0
DA:68,1
DA:70,1
DA:71,1
DA:72,0
DA:73,0
DA:74,0
DA:76,0
DA:80,1
DA:81,0
DA:82,0
DA:85,0
DA:86,0
DA:88,0
DA:93,1
DA:94,1
DA:95,0
DA:96,0
DA:100,0
DA:104,1
LF:35
LH:14
BRDA:46,0,0,0
BRDA:46,0,1,0
BRDA:47,1,0,0
BRDA:47,1,1,0
BRDA:72,2,0,0
BRDA:72,2,1,0
BRDA:85,3,0,0
BRDA:85,3,1,0
BRDA:95,4,0,0
BRDA:95,4,1,0
BRF:10
BRH:0
end_of_record
TN:
SF:E:\FullStackEngineer\Project\prjClient\src\app\directives\datecomp.directive.ts
FN:18,(anonymous_3)
FN:19,DatecompDirective
FN:24,(anonymous_5)
FNF:3
FNH:2
FNDA:1,(anonymous_3)
FNDA:1,DatecompDirective
FNDA:0,(anonymous_5)
DA:18,1
DA:21,1
DA:22,1
DA:24,1
DA:25,0
DA:27,0
DA:29,0
DA:30,0
DA:32,0
DA:33,0
DA:34,0
DA:41,0
DA:42,0
DA:50,0
DA:52,1
LF:15
LH:5
BRDA:32,0,0,0
BRDA:32,0,1,0
BRDA:33,1,0,0
BRDA:33,1,1,0
BRDA:41,2,0,0
BRDA:41,2,1,0
BRF:6
BRH:0
end_of_record
TN:
SF:E:\FullStackEngineer\Project\prjClient\src\environments\environment.ts
FNF:0
FNH:0
DA:5,1
LF:1
LH:1
BRF:0
BRH:0
end_of_record
